<?xml version="1.0" encoding="UTF-8"?>
<!-- Generated by org.testng.reporters.JUnitReportReporter -->
<testsuite hostname="DESKTOP-VUHVFPU" failures="0" tests="1" name="qsp.youtube" time="47.551" errors="0" timestamp="2022-06-21T16:11:19 IST" skipped="0">
  <testcase classname="qsp.youtube" name="submit" time="47.551"/>
  <system-out/>
</testsuite> <!-- qsp.youtube -->
